69
PAINT_LINE 9 4 9 16
PAINT_LINE 1 4 1 15
PAINT_LINE 9 51 9 61
PAINT_LINE 9 37 9 46
PAINT_LINE 9 22 9 31
PAINT_LINE 5 10 5 19
PAINT_LINE 4 52 4 61
PAINT_LINE 1 66 9 66
PAINT_LINE 1 65 9 65
PAINT_LINE 1 64 9 64
PAINT_LINE 12 51 12 59
PAINT_LINE 9 70 9 78
PAINT_LINE 2 2 8 2
PAINT_LINE 7 68 7 74
PAINT_LINE 4 38 4 44
PAINT_LINE 4 24 4 30
PAINT_LINE 6 74 6 79
PAINT_LINE 4 71 4 76
PAINT_LINE 3 1 7 1
PAINT_LINE 5 57 5 61
PAINT_LINE 0 8 0 12
PAINT_LINE 5 51 8 51
PAINT_LINE 5 46 8 46
PAINT_LINE 5 45 8 45
PAINT_LINE 5 37 8 37
PAINT_LINE 5 36 8 36
PAINT_LINE 5 32 8 32
PAINT_LINE 5 31 8 31
PAINT_LINE 5 23 8 23
PAINT_LINE 5 22 8 22
PAINT_LINE 11 58 11 61
PAINT_LINE 8 68 8 71
PAINT_LINE 8 14 8 17
PAINT_LINE 6 16 6 19
PAINT_LINE 5 75 5 78
PAINT_LINE 5 69 5 72
PAINT_LINE 6 61 8 61
PAINT_LINE 6 60 8 60
PAINT_LINE 6 59 8 59
PAINT_LINE 6 50 8 50
PAINT_LINE 6 47 8 47
PAINT_LINE 6 21 8 21
PAINT_LINE 2 3 4 3
PAINT_LINE 4 0 6 0
PAINT_LINE 13 54 13 56
PAINT_LINE 11 50 11 52
PAINT_LINE 10 59 10 61
PAINT_LINE 8 3 8 5
PAINT_LINE 7 16 7 18
PAINT_LINE 6 68 6 70
PAINT_LINE 5 52 5 54
PAINT_LINE 5 38 6 38
PAINT_LINE 6 35 7 35
PAINT_LINE 6 33 7 33
PAINT_LINE 5 30 6 30
PAINT_LINE 5 43 5 44
PAINT_LINE 5 24 5 25
PAINT_LINE 2 14 2 15
PAINT_LINE 2 4 2 5
PAINT_LINE 8 77 8 77
PAINT_LINE 8 52 8 52
PAINT_LINE 6 52 6 52
PAINT_LINE 8 44 8 44
PAINT_LINE 5 39 5 39
PAINT_LINE 8 38 8 38
PAINT_LINE 8 30 8 30
PAINT_LINE 5 29 5 29
PAINT_LINE 8 24 8 24
PAINT_LINE 7 3 7 3

